<?xml version="1.0" encoding="UTF-8"?>
<testsuite name="com.ecore.admin.application.team.create.CreateRoleUseCaseTest" tests="3" skipped="0" failures="0" errors="0" timestamp="2023-03-09T22:01:03" hostname="DESKTOP-1IMD8U7" time="1.61">
  <properties/>
  <testcase name="givenAInvalidName_whenCallsCreateRole_thenShouldReturnDomainException()" classname="com.ecore.admin.application.team.create.CreateRoleUseCaseTest" time="1.515"/>
  <testcase name="givenAInvalidAcronym_whenCallsCreateRole_thenShouldReturnDomainException()" classname="com.ecore.admin.application.team.create.CreateRoleUseCaseTest" time="0.005"/>
  <testcase name="givenAValidCommand_whenCallsCreateRole_shouldReturnRoleId()" classname="com.ecore.admin.application.team.create.CreateRoleUseCaseTest" time="0.083"/>
  <system-out><![CDATA[]]></system-out>
  <system-err><![CDATA[]]></system-err>
</testsuite>
